[23:11:18] [ServerMain/INFO]: Environment: authHost='https://authserver.mojang.com', accountsHost='https://api.mojang.com', sessionHost='https://sessionserver.mojang.com', servicesHost='https://api.minecraftservices.com', name='PROD'
[23:11:18] [ServerMain/INFO]: Found new data pack file/bukkit, loading it automatically
[23:11:20] [ServerMain/INFO]: Loaded 7 recipes
[23:11:20] [Server thread/INFO]: Starting minecraft server version 1.20
[23:11:20] [Server thread/INFO]: Loading properties
[23:11:20] [Server thread/INFO]: This server is running Paper version git-Paper-17 (MC: 1.20) (Implementing API version 1.20-R0.1-SNAPSHOT) (Git: c287e92)
[23:11:20] [Server thread/INFO]: Server Ping Player Sample Count: 12
[23:11:20] [Server thread/INFO]: Using 4 threads for Netty based IO
[23:11:20] [Server thread/INFO]: [ChunkTaskScheduler] Chunk system is using 1 I/O threads, 1 worker threads, and gen parallelism of 1 threads
[23:11:20] [Server thread/WARN]: [!] The timings profiler has been enabled but has been scheduled for removal from Paper in the future.
    We recommend installing the spark profiler as a replacement: https://spark.lucko.me/
    For more information please visit: https://github.com/PaperMC/Paper/issues/8948
[23:11:21] [Server thread/INFO]: Default game type: SURVIVAL
[23:11:21] [Server thread/INFO]: Generating keypair
[23:11:21] [Server thread/INFO]: Starting Minecraft server on *:25565
[23:11:21] [Server thread/INFO]: Using epoll channel type
[23:11:21] [Server thread/INFO]: Paper: Using libdeflate (Linux x86_64) compression from Velocity.
[23:11:21] [Server thread/INFO]: Paper: Using OpenSSL 3.0.x (Linux x86_64) cipher from Velocity.
[23:11:21] [Server thread/WARN]: **** SERVER IS RUNNING IN OFFLINE/INSECURE MODE!
[23:11:21] [Server thread/WARN]: The server will make no attempt to authenticate usernames. Beware.
[23:11:21] [Server thread/WARN]: While this makes the game possible to play without internet access, it also opens up the ability for hackers to connect with any username they choose.
[23:11:21] [Server thread/WARN]: To change this, set "online-mode" to "true" in the server.properties file.
[23:11:21] [Server thread/INFO]: Preparing level "world"
[23:11:30] [Server thread/INFO]: Preparing start region for dimension minecraft:overworld
[23:11:31] [Server thread/INFO]: Time elapsed: 153 ms
[23:11:31] [Server thread/INFO]: Preparing start region for dimension minecraft:the_nether
[23:11:31] [Server thread/INFO]: Time elapsed: 76 ms
[23:11:31] [Server thread/INFO]: Preparing start region for dimension minecraft:the_end
[23:11:31] [Server thread/INFO]: Time elapsed: 64 ms
[23:11:31] [Server thread/INFO]: Running delayed init tasks
[23:11:31] [Server thread/INFO]: Done (10.540s)! For help, type "help"
[23:11:31] [Server thread/INFO]: Timings Reset
[23:11:42] [User Authenticator #0/INFO]: UUID of player exeBait is fc77cacb-6964-382c-939b-44355477c5ba
[23:11:46] [Server thread/INFO]: exeBait joined the game
[23:11:46] [Server thread/INFO]: exeBait[/127.76.183.186:46335] logged in with entity id 21 at ([world]14.5, 72.0, 243.5)
[23:12:11] [Server thread/INFO]: Made exeBait a server operator
[23:18:08] [Server thread/INFO]: exeBait issued server command: /gamemode c
[23:18:10] [Server thread/INFO]: exeBait issued server command: /gamemode c
[23:18:12] [Server thread/INFO]: exeBait issued server command: /gamemode creative
[23:18:12] [Server thread/INFO]: [exeBait: Set own game mode to Creative Mode]
[23:18:57] [Server thread/INFO]: exeBait lost connection: Disconnected
[23:18:57] [Server thread/INFO]: exeBait left the game
